<?xml version="1.0" encoding="UTF-8"?>
<testsuite xmlns:xsi="http://www.w3.org/2001/XMLSchema-instance" xsi:noNamespaceSchemaLocation="https://maven.apache.org/surefire/maven-surefire-plugin/xsd/surefire-test-report-3.0.xsd" version="3.0" name="com.example.playwrightdemo.RunCucumberTest" time="357.653" tests="4" errors="0" skipped="0" failures="0">
  <properties>
    <property name="java.specification.version" value="21"/>
    <property name="sun.cpu.isalist" value="amd64"/>
    <property name="sun.jnu.encoding" value="Cp1252"/>
    <property name="java.class.path" value="C:\Users\2000125355\Downloads\projecttwoguidewire\playwright-demo\target\test-classes;C:\Users\2000125355\Downloads\projecttwoguidewire\playwright-demo\target\classes;C:\Users\2000125355\.m2\repository\com\microsoft\playwright\playwright\1.44.0\playwright-1.44.0.jar;C:\Users\2000125355\.m2\repository\com\google\code\gson\gson\2.10.1\gson-2.10.1.jar;C:\Users\2000125355\.m2\repository\org\opentest4j\opentest4j\1.3.0\opentest4j-1.3.0.jar;C:\Users\2000125355\.m2\repository\com\microsoft\playwright\driver\1.44.0\driver-1.44.0.jar;C:\Users\2000125355\.m2\repository\com\microsoft\playwright\driver-bundle\1.44.0\driver-bundle-1.44.0.jar;C:\Users\2000125355\.m2\repository\org\junit\jupiter\junit-jupiter\5.10.2\junit-jupiter-5.10.2.jar;C:\Users\2000125355\.m2\repository\org\junit\jupiter\junit-jupiter-api\5.10.2\junit-jupiter-api-5.10.2.jar;C:\Users\2000125355\.m2\repository\org\junit\platform\junit-platform-commons\1.10.2\junit-platform-commons-1.10.2.jar;C:\Users\2000125355\.m2\repository\org\junit\jupiter\junit-jupiter-params\5.10.2\junit-jupiter-params-5.10.2.jar;C:\Users\2000125355\.m2\repository\org\junit\jupiter\junit-jupiter-engine\5.10.2\junit-jupiter-engine-5.10.2.jar;C:\Users\2000125355\.m2\repository\io\cucumber\cucumber-java\7.16.1\cucumber-java-7.16.1.jar;C:\Users\2000125355\.m2\repository\io\cucumber\cucumber-core\7.16.1\cucumber-core-7.16.1.jar;C:\Users\2000125355\.m2\repository\io\cucumber\cucumber-gherkin\7.16.1\cucumber-gherkin-7.16.1.jar;C:\Users\2000125355\.m2\repository\io\cucumber\cucumber-gherkin-messages\7.16.1\cucumber-gherkin-messages-7.16.1.jar;C:\Users\2000125355\.m2\repository\io\cucumber\gherkin\28.0.0\gherkin-28.0.0.jar;C:\Users\2000125355\.m2\repository\io\cucumber\messages\24.1.0\messages-24.1.0.jar;C:\Users\2000125355\.m2\repository\io\cucumber\tag-expressions\6.1.0\tag-expressions-6.1.0.jar;C:\Users\2000125355\.m2\repository\io\cucumber\cucumber-expressions\17.1.0\cucumber-expressions-17.1.0.jar;C:\Users\2000125355\.m2\repository\io\cucumber\datatable\7.16.1\datatable-7.16.1.jar;C:\Users\2000125355\.m2\repository\io\cucumber\cucumber-plugin\7.16.1\cucumber-plugin-7.16.1.jar;C:\Users\2000125355\.m2\repository\io\cucumber\docstring\7.16.1\docstring-7.16.1.jar;C:\Users\2000125355\.m2\repository\io\cucumber\html-formatter\21.3.0\html-formatter-21.3.0.jar;C:\Users\2000125355\.m2\repository\io\cucumber\junit-xml-formatter\0.3.0\junit-xml-formatter-0.3.0.jar;C:\Users\2000125355\.m2\repository\io\cucumber\ci-environment\10.0.1\ci-environment-10.0.1.jar;C:\Users\2000125355\.m2\repository\org\apiguardian\apiguardian-api\1.1.2\apiguardian-api-1.1.2.jar;C:\Users\2000125355\.m2\repository\io\cucumber\cucumber-junit-platform-engine\7.16.1\cucumber-junit-platform-engine-7.16.1.jar;C:\Users\2000125355\.m2\repository\org\junit\platform\junit-platform-engine\1.10.2\junit-platform-engine-1.10.2.jar;C:\Users\2000125355\.m2\repository\org\junit\platform\junit-platform-suite\1.10.2\junit-platform-suite-1.10.2.jar;C:\Users\2000125355\.m2\repository\org\junit\platform\junit-platform-suite-api\1.10.2\junit-platform-suite-api-1.10.2.jar;C:\Users\2000125355\.m2\repository\org\junit\platform\junit-platform-suite-engine\1.10.2\junit-platform-suite-engine-1.10.2.jar;C:\Users\2000125355\.m2\repository\org\junit\platform\junit-platform-suite-commons\1.10.2\junit-platform-suite-commons-1.10.2.jar;C:\Users\2000125355\.m2\repository\org\junit\platform\junit-platform-launcher\1.10.2\junit-platform-launcher-1.10.2.jar;C:\Users\2000125355\.m2\repository\org\slf4j\slf4j-simple\2.0.13\slf4j-simple-2.0.13.jar;C:\Users\2000125355\.m2\repository\org\slf4j\slf4j-api\2.0.13\slf4j-api-2.0.13.jar;C:\Users\2000125355\.m2\repository\io\cucumber\cucumber-picocontainer\7.14.0\cucumber-picocontainer-7.14.0.jar;C:\Users\2000125355\.m2\repository\org\picocontainer\picocontainer\2.15\picocontainer-2.15.jar;"/>
    <property name="java.vm.vendor" value="OpenLogic"/>
    <property name="sun.arch.data.model" value="64"/>
    <property name="user.variant" value=""/>
    <property name="java.vendor.url" value="https://openlogic.com/"/>
    <property name="user.timezone" value="Asia/Calcutta"/>
    <property name="os.name" value="Windows 11"/>
    <property name="java.vm.specification.version" value="21"/>
    <property name="sun.java.launcher" value="SUN_STANDARD"/>
    <property name="user.country" value="IN"/>
    <property name="sun.boot.library.path" value="C:\Program Files\OpenLogic\jdk-21.0.3.9-hotspot\bin"/>
    <property name="sun.java.command" value="C:\Users\2000125355\AppData\Local\Temp\surefire6655539160406556510\surefirebooter-20250612180827939_3.jar C:\Users\2000125355\AppData\Local\Temp\surefire6655539160406556510 2025-06-12T18-08-27_328-jvmRun1 surefire-20250612180827939_1tmp surefire_0-20250612180827939_2tmp"/>
    <property name="jdk.debug" value="release"/>
    <property name="surefire.test.class.path" value="C:\Users\2000125355\Downloads\projecttwoguidewire\playwright-demo\target\test-classes;C:\Users\2000125355\Downloads\projecttwoguidewire\playwright-demo\target\classes;C:\Users\2000125355\.m2\repository\com\microsoft\playwright\playwright\1.44.0\playwright-1.44.0.jar;C:\Users\2000125355\.m2\repository\com\google\code\gson\gson\2.10.1\gson-2.10.1.jar;C:\Users\2000125355\.m2\repository\org\opentest4j\opentest4j\1.3.0\opentest4j-1.3.0.jar;C:\Users\2000125355\.m2\repository\com\microsoft\playwright\driver\1.44.0\driver-1.44.0.jar;C:\Users\2000125355\.m2\repository\com\microsoft\playwright\driver-bundle\1.44.0\driver-bundle-1.44.0.jar;C:\Users\2000125355\.m2\repository\org\junit\jupiter\junit-jupiter\5.10.2\junit-jupiter-5.10.2.jar;C:\Users\2000125355\.m2\repository\org\junit\jupiter\junit-jupiter-api\5.10.2\junit-jupiter-api-5.10.2.jar;C:\Users\2000125355\.m2\repository\org\junit\platform\junit-platform-commons\1.10.2\junit-platform-commons-1.10.2.jar;C:\Users\2000125355\.m2\repository\org\junit\jupiter\junit-jupiter-params\5.10.2\junit-jupiter-params-5.10.2.jar;C:\Users\2000125355\.m2\repository\org\junit\jupiter\junit-jupiter-engine\5.10.2\junit-jupiter-engine-5.10.2.jar;C:\Users\2000125355\.m2\repository\io\cucumber\cucumber-java\7.16.1\cucumber-java-7.16.1.jar;C:\Users\2000125355\.m2\repository\io\cucumber\cucumber-core\7.16.1\cucumber-core-7.16.1.jar;C:\Users\2000125355\.m2\repository\io\cucumber\cucumber-gherkin\7.16.1\cucumber-gherkin-7.16.1.jar;C:\Users\2000125355\.m2\repository\io\cucumber\cucumber-gherkin-messages\7.16.1\cucumber-gherkin-messages-7.16.1.jar;C:\Users\2000125355\.m2\repository\io\cucumber\gherkin\28.0.0\gherkin-28.0.0.jar;C:\Users\2000125355\.m2\repository\io\cucumber\messages\24.1.0\messages-24.1.0.jar;C:\Users\2000125355\.m2\repository\io\cucumber\tag-expressions\6.1.0\tag-expressions-6.1.0.jar;C:\Users\2000125355\.m2\repository\io\cucumber\cucumber-expressions\17.1.0\cucumber-expressions-17.1.0.jar;C:\Users\2000125355\.m2\repository\io\cucumber\datatable\7.16.1\datatable-7.16.1.jar;C:\Users\2000125355\.m2\repository\io\cucumber\cucumber-plugin\7.16.1\cucumber-plugin-7.16.1.jar;C:\Users\2000125355\.m2\repository\io\cucumber\docstring\7.16.1\docstring-7.16.1.jar;C:\Users\2000125355\.m2\repository\io\cucumber\html-formatter\21.3.0\html-formatter-21.3.0.jar;C:\Users\2000125355\.m2\repository\io\cucumber\junit-xml-formatter\0.3.0\junit-xml-formatter-0.3.0.jar;C:\Users\2000125355\.m2\repository\io\cucumber\ci-environment\10.0.1\ci-environment-10.0.1.jar;C:\Users\2000125355\.m2\repository\org\apiguardian\apiguardian-api\1.1.2\apiguardian-api-1.1.2.jar;C:\Users\2000125355\.m2\repository\io\cucumber\cucumber-junit-platform-engine\7.16.1\cucumber-junit-platform-engine-7.16.1.jar;C:\Users\2000125355\.m2\repository\org\junit\platform\junit-platform-engine\1.10.2\junit-platform-engine-1.10.2.jar;C:\Users\2000125355\.m2\repository\org\junit\platform\junit-platform-suite\1.10.2\junit-platform-suite-1.10.2.jar;C:\Users\2000125355\.m2\repository\org\junit\platform\junit-platform-suite-api\1.10.2\junit-platform-suite-api-1.10.2.jar;C:\Users\2000125355\.m2\repository\org\junit\platform\junit-platform-suite-engine\1.10.2\junit-platform-suite-engine-1.10.2.jar;C:\Users\2000125355\.m2\repository\org\junit\platform\junit-platform-suite-commons\1.10.2\junit-platform-suite-commons-1.10.2.jar;C:\Users\2000125355\.m2\repository\org\junit\platform\junit-platform-launcher\1.10.2\junit-platform-launcher-1.10.2.jar;C:\Users\2000125355\.m2\repository\org\slf4j\slf4j-simple\2.0.13\slf4j-simple-2.0.13.jar;C:\Users\2000125355\.m2\repository\org\slf4j\slf4j-api\2.0.13\slf4j-api-2.0.13.jar;C:\Users\2000125355\.m2\repository\io\cucumber\cucumber-picocontainer\7.14.0\cucumber-picocontainer-7.14.0.jar;C:\Users\2000125355\.m2\repository\org\picocontainer\picocontainer\2.15\picocontainer-2.15.jar;"/>
    <property name="sun.cpu.endian" value="little"/>
    <property name="user.home" value="C:\Users\2000125355"/>
    <property name="user.language" value="en"/>
    <property name="java.specification.vendor" value="Oracle Corporation"/>
    <property name="java.version.date" value="2024-04-16"/>
    <property name="java.home" value="C:\Program Files\OpenLogic\jdk-21.0.3.9-hotspot"/>
    <property name="file.separator" value="\"/>
    <property name="basedir" value="C:\Users\2000125355\Downloads\projecttwoguidewire\playwright-demo"/>
    <property name="java.vm.compressedOopsMode" value="Zero based"/>
    <property name="line.separator" value="&#10;"/>
    <property name="java.vm.specification.vendor" value="Oracle Corporation"/>
    <property name="java.specification.name" value="Java Platform API Specification"/>
    <property name="surefire.real.class.path" value="C:\Users\2000125355\AppData\Local\Temp\surefire6655539160406556510\surefirebooter-20250612180827939_3.jar"/>
    <property name="user.script" value=""/>
    <property name="sun.management.compiler" value="HotSpot 64-Bit Tiered Compilers"/>
    <property name="java.runtime.version" value="21.0.3+9-adhoc.Administrator.jdk21u"/>
    <property name="user.name" value="2000125355"/>
    <property name="stdout.encoding" value="Cp1252"/>
    <property name="path.separator" value=";"/>
    <property name="os.version" value="10.0"/>
    <property name="java.runtime.name" value="OpenJDK Runtime Environment"/>
    <property name="file.encoding" value="UTF-8"/>
    <property name="java.vm.name" value="OpenJDK 64-Bit Server VM"/>
    <property name="java.vendor.version" value="OpenLogic-OpenJDK"/>
    <property name="localRepository" value="C:\Users\2000125355\.m2\repository"/>
    <property name="java.vendor.url.bug" value="https://techsupport.roguewave.com/"/>
    <property name="java.io.tmpdir" value="C:\Users\200012~1\AppData\Local\Temp\"/>
    <property name="java.version" value="21.0.3"/>
    <property name="user.dir" value="C:\Users\2000125355\Downloads\projecttwoguidewire\playwright-demo"/>
    <property name="os.arch" value="amd64"/>
    <property name="java.vm.specification.name" value="Java Virtual Machine Specification"/>
    <property name="sun.os.patch.level" value=""/>
    <property name="native.encoding" value="Cp1252"/>
    <property name="java.library.path" value="C:\Program Files\OpenLogic\jdk-21.0.3.9-hotspot\bin;C:\WINDOWS\Sun\Java\bin;C:\WINDOWS\system32;C:\WINDOWS;C:\Program Files\OpenLogic\jdk-21.0.3.9-hotspot\bin;C:\Program Files\Java\openlogic-openjdk-8u432-b06-windows-x64\bin;C:\Program Files\OpenLogic\jdk-8.0.422.05-hotspot\bin;C:\Program Files (x86)\Common Files\Oracle\Java\java8path;C:\Program Files (x86)\Common Files\Oracle\Java\javapath;C:\WINDOWS\system32;C:\WINDOWS;C:\WINDOWS\System32\Wbem;C:\WINDOWS\System32\WindowsPowerShell\v1.0\;C:\WINDOWS\System32\OpenSSH\;C:\Program Files\nodejs\;C:\Maven\Maven\apache-maven-3.8.4-bin\apache-maven-3.8.4\bin;C:\Users\2000125355\AppData\Local\Microsoft\WindowsApps;C:\Program Files\OpenLogic\jdk-21.0.3.9-hotspot\\bin;C:\Users\2000125355\AppData\Local\Programs\Microsoft VS Code Insiders\bin;C:\Users\2000125355\AppData\Local\Programs\Git\cmd;c:\Users\2000125355\AppData\Roaming\Code - Insiders\User\globalStorage\github.copilot-chat\debugCommand;."/>
    <property name="java.vm.info" value="mixed mode, sharing"/>
    <property name="stderr.encoding" value="Cp1252"/>
    <property name="java.vendor" value="OpenLogic"/>
    <property name="java.vm.version" value="21.0.3+9-adhoc.Administrator.jdk21u"/>
    <property name="sun.io.unicode.encoding" value="UnicodeLittle"/>
    <property name="java.class.version" value="65.0"/>
  </properties>
  <testcase name="CommercialAutoPolicy" classname="CommercialAuto" time="115.103"/>
  <testcase name="General Liability policy" classname="General Liability" time="68.44">
    <system-out><![CDATA[User selects General Liability
User selects Offering Selection
User clicks on Next
User enters answers for questions
User clicks on Next
User enters all mandatory value in Policy info
User clicks on Additional Coverages
User adds Additional Coverages and additional details
User clicks Next on Location page
User clicks on next Exposure page
User adds GL experience modifier
User adds Location - Inside Premises
User adds justification for Location - Inside Premises
User adds Safety Organization
User adds justification for Safety Organization
User clicks on next Modifier page
User clicks on Add Contingency
User adds title
User adds description
User adds action
User adds due date
User clicks OK
User clicks next on Risk Analysis
User clicks Close Options
User clicks Withdraw
]]></system-out>
  </testcase>
  <testcase name="PersonalAutoPolicy" classname="PersonalAuto" time="81.482"/>
  <testcase name="Workers Compensation policy" classname="Workers Compensation" time="92.19">
    <system-out><![CDATA[Navigated to Workers Compensation URL
User entered username for workers compensation
Entered the password
User is logged in for workers compensation
User clicked new submission
User clicks on Workers Compensation
User enters answers in Qualification page
User clicks Next on Qualification page
User enters all mandatory value in Policy info
User enters Datequote
User enters Official ID
User clicks Next on Policy Info page
User clicks Next on Location page
User clicks Add Class on WC Coverage page
User selects location
User enters class code
User enters employee description
User enters basic amount
User clicks Next on WC Coverage
User enters answers for all questions
User clicks Next on Supplemental
User clicks on Add Option
User clicks on Federal Liability
User enters value on Federal Liability class
User enters value on Federal Liability class
User enters value on Federal Liability class code
User enters value on Federal Liability basic amount
User clicks on Next
User clicks on Add Contingency
User adds details to contingency
User adds due date to contingency
User clicks on Next
User clicks on Close Options
User clicks on Withdraw
]]></system-out>
  </testcase>
</testsuite>